2022-08-25 14:02:43,069 INFO c.u.p.ProducaoParImparJobApplication [main] Starting ProducaoParImparJobApplication on dell-Inspiron-5480 with PID 10653 (/home/phpimentel/Documentos/Curso_Spring_Batch/monorepo-batch/ProducaoParImparJob-Exercicio/target/classes started by phpimentel in /home/phpimentel/Documentos/Curso_Spring_Batch/monorepo-batch/ProducaoParImparJob-Exercicio)
2022-08-25 14:02:43,074 INFO c.u.p.ProducaoParImparJobApplication [main] No active profile set, falling back to default profiles: default
2022-08-25 14:02:43,486 INFO o.s.c.a.ConfigurationClassEnhancer [main] @Bean method PropertiesConfig.configurer is non-static and returns an object assignable to Spring's BeanFactoryPostProcessor interface. This will result in a failure to process annotations such as @Autowired, @Resource and @PostConstruct within the method's declaring @Configuration class. Add the 'static' modifier to this method to avoid these container lifecycle issues; see @Bean javadoc for complete details.
2022-08-25 14:02:43,710 INFO c.z.h.HikariDataSource [main] HikariPool-1 - Starting...
2022-08-25 14:02:43,725 WARN o.s.c.a.AnnotationConfigApplicationContext [main] Exception encountered during context initialization - cancelling refresh attempt: org.springframework.beans.factory.BeanCreationException: Error creating bean with name 'batchDataSourceInitializer': Invocation of init method failed; nested exception is java.lang.RuntimeException: Failed to get driver instance for jdbcUrl=jdbc:mariadb://localhost:3306/spring_batch?createDatabaseIfNotExist=true&serverTimezone=UTC
2022-08-25 14:05:11,058 INFO c.u.p.ProducaoParImparJobApplication [main] Starting ProducaoParImparJobApplication on dell-Inspiron-5480 with PID 10885 (/home/phpimentel/Documentos/Curso_Spring_Batch/monorepo-batch/ProducaoParImparJob-Exercicio/target/classes started by phpimentel in /home/phpimentel/Documentos/Curso_Spring_Batch/monorepo-batch/ProducaoParImparJob-Exercicio)
2022-08-25 14:05:11,062 INFO c.u.p.ProducaoParImparJobApplication [main] No active profile set, falling back to default profiles: default
2022-08-25 14:05:11,505 INFO o.s.c.a.ConfigurationClassEnhancer [main] @Bean method PropertiesConfig.configurer is non-static and returns an object assignable to Spring's BeanFactoryPostProcessor interface. This will result in a failure to process annotations such as @Autowired, @Resource and @PostConstruct within the method's declaring @Configuration class. Add the 'static' modifier to this method to avoid these container lifecycle issues; see @Bean javadoc for complete details.
2022-08-25 14:05:11,752 INFO c.z.h.HikariDataSource [main] HikariPool-1 - Starting...
2022-08-25 14:05:11,799 INFO c.z.h.HikariDataSource [main] HikariPool-1 - Start completed.
2022-08-25 14:05:11,833 INFO o.s.b.c.r.s.JobRepositoryFactoryBean [main] No database type set, using meta data indicating: MYSQL
2022-08-25 14:05:11,939 INFO o.s.b.c.l.s.SimpleJobLauncher [main] No TaskExecutor has been set, defaulting to synchronous executor.
2022-08-25 14:05:12,033 INFO c.u.p.ProducaoParImparJobApplication [main] Started ProducaoParImparJobApplication in 1.481 seconds (JVM running for 2.212)
2022-08-25 14:05:12,101 INFO c.z.h.HikariDataSource [main] HikariPool-1 - Shutdown initiated...
2022-08-25 14:05:12,106 INFO c.z.h.HikariDataSource [main] HikariPool-1 - Shutdown completed.
2022-08-25 14:06:02,987 INFO c.u.p.ProducaoParImparJobApplication [main] Starting ProducaoParImparJobApplication on dell-Inspiron-5480 with PID 11020 (/home/phpimentel/Documentos/Curso_Spring_Batch/monorepo-batch/ProducaoParImparJob-Exercicio/target/classes started by phpimentel in /home/phpimentel/Documentos/Curso_Spring_Batch/monorepo-batch/ProducaoParImparJob-Exercicio)
2022-08-25 14:06:02,990 INFO c.u.p.ProducaoParImparJobApplication [main] No active profile set, falling back to default profiles: default
2022-08-25 14:06:03,372 INFO o.s.c.a.ConfigurationClassEnhancer [main] @Bean method PropertiesConfig.configurer is non-static and returns an object assignable to Spring's BeanFactoryPostProcessor interface. This will result in a failure to process annotations such as @Autowired, @Resource and @PostConstruct within the method's declaring @Configuration class. Add the 'static' modifier to this method to avoid these container lifecycle issues; see @Bean javadoc for complete details.
2022-08-25 14:06:03,592 INFO c.z.h.HikariDataSource [main] HikariPool-1 - Starting...
2022-08-25 14:06:03,640 INFO c.z.h.HikariDataSource [main] HikariPool-1 - Start completed.
2022-08-25 14:06:03,675 INFO o.s.b.c.r.s.JobRepositoryFactoryBean [main] No database type set, using meta data indicating: MYSQL
2022-08-25 14:06:03,782 INFO o.s.b.c.l.s.SimpleJobLauncher [main] No TaskExecutor has been set, defaulting to synchronous executor.
2022-08-25 14:06:03,877 INFO c.u.p.ProducaoParImparJobApplication [main] Started ProducaoParImparJobApplication in 1.425 seconds (JVM running for 2.134)
2022-08-25 14:06:03,958 INFO c.z.h.HikariDataSource [main] HikariPool-1 - Shutdown initiated...
2022-08-25 14:06:03,965 INFO c.z.h.HikariDataSource [main] HikariPool-1 - Shutdown completed.
2022-08-25 14:09:25,102 INFO c.u.p.ProducaoParImparJobApplication [main] Starting ProducaoParImparJobApplication using Java 11.0.16 on dell-Inspiron-5480 with PID 11219 (/home/phpimentel/Documentos/Curso_Spring_Batch/monorepo-batch/ProducaoParImparJob-Exercicio/target/classes started by phpimentel in /home/phpimentel/Documentos/Curso_Spring_Batch/monorepo-batch/ProducaoParImparJob-Exercicio)
2022-08-25 14:09:25,104 INFO c.u.p.ProducaoParImparJobApplication [main] No active profile set, falling back to 1 default profile: "default"
2022-08-25 14:09:25,535 INFO o.s.c.a.ConfigurationClassEnhancer [main] @Bean method PropertiesConfig.configurer is non-static and returns an object assignable to Spring's BeanFactoryPostProcessor interface. This will result in a failure to process annotations such as @Autowired, @Resource and @PostConstruct within the method's declaring @Configuration class. Add the 'static' modifier to this method to avoid these container lifecycle issues; see @Bean javadoc for complete details.
2022-08-25 14:09:25,693 INFO c.z.h.HikariDataSource [main] HikariPool-1 - Starting...
2022-08-25 14:09:25,761 INFO c.z.h.HikariDataSource [main] HikariPool-1 - Start completed.
2022-08-25 14:09:26,005 INFO o.s.b.c.r.s.JobRepositoryFactoryBean [main] No database type set, using meta data indicating: MYSQL
2022-08-25 14:09:26,100 INFO o.s.b.c.l.s.SimpleJobLauncher [main] No TaskExecutor has been set, defaulting to synchronous executor.
2022-08-25 14:09:26,197 INFO c.u.p.ProducaoParImparJobApplication [main] Started ProducaoParImparJobApplication in 1.508 seconds (JVM running for 2.428)
2022-08-25 14:09:26,271 INFO o.s.b.c.l.s.SimpleJobLauncher [main] Job: [SimpleJob: [name=imprimeParImparJob]] launched with the following parameters: [{run.id=1}]
2022-08-25 14:09:26,306 INFO o.s.b.c.j.SimpleStepHandler [main] Executing step: [imprimeParImparStep]
2022-08-25 14:09:26,375 INFO o.s.b.c.s.AbstractStep [main] Step: [imprimeParImparStep] executed in 69ms
2022-08-25 14:09:26,384 INFO o.s.b.c.l.s.SimpleJobLauncher [main] Job: [SimpleJob: [name=imprimeParImparJob]] completed with the following parameters: [{run.id=1}] and the following status: [COMPLETED] in 96ms
2022-08-25 14:09:26,389 INFO c.z.h.HikariDataSource [SpringApplicationShutdownHook] HikariPool-1 - Shutdown initiated...
2022-08-25 14:09:26,394 INFO c.z.h.HikariDataSource [SpringApplicationShutdownHook] HikariPool-1 - Shutdown completed.
